c:\projects\cpp\gameprogaventure\gameprogaventure\x64\debug\vc143.pdb
c:\projects\cpp\gameprogaventure\gameprogaventure\x64\debug\vc143.idb
c:\projects\cpp\gameprogaventure\gameprogaventure\x64\debug\weapon.obj
c:\projects\cpp\gameprogaventure\gameprogaventure\x64\debug\warrior.obj
c:\projects\cpp\gameprogaventure\gameprogaventure\x64\debug\mage.obj
c:\projects\cpp\gameprogaventure\gameprogaventure\x64\debug\item.obj
c:\projects\cpp\gameprogaventure\gameprogaventure\x64\debug\inventory.obj
c:\projects\cpp\gameprogaventure\gameprogaventure\x64\debug\guihelper.obj
c:\projects\cpp\gameprogaventure\gameprogaventure\x64\debug\gameprogaventure.obj
c:\projects\cpp\gameprogaventure\gameprogaventure\x64\debug\game.obj
c:\projects\cpp\gameprogaventure\gameprogaventure\x64\debug\explorer.obj
c:\projects\cpp\gameprogaventure\gameprogaventure\x64\debug\event.obj
c:\projects\cpp\gameprogaventure\gameprogaventure\x64\debug\enemy.obj
c:\projects\cpp\gameprogaventure\gameprogaventure\x64\debug\character.obj
c:\projects\cpp\gameprogaventure\gameprogaventure\x64\debug\boss.obj
c:\projects\cpp\gameprogaventure\gameprogaventure\x64\debug\armor.obj
c:\projects\cpp\gameprogaventure\gameprogaventure\x64\debug\archer.obj
c:\projects\cpp\gameprogaventure\x64\debug\gameprogaventure.exe
c:\projects\cpp\gameprogaventure\gameprogaventure\x64\debug\gameprogaventure.ilk
c:\projects\cpp\gameprogaventure\x64\debug\gameprogaventure.pdb
c:\projects\cpp\gameprogaventure\gameprogaventure\x64\debug\gameprogaventure.tlog\cl.command.1.tlog
c:\projects\cpp\gameprogaventure\gameprogaventure\x64\debug\gameprogaventure.tlog\cl.read.1.tlog
c:\projects\cpp\gameprogaventure\gameprogaventure\x64\debug\gameprogaventure.tlog\cl.write.1.tlog
c:\projects\cpp\gameprogaventure\gameprogaventure\x64\debug\gameprogaventure.tlog\link.command.1.tlog
c:\projects\cpp\gameprogaventure\gameprogaventure\x64\debug\gameprogaventure.tlog\link.read.1.tlog
c:\projects\cpp\gameprogaventure\gameprogaventure\x64\debug\gameprogaventure.tlog\link.write.1.tlog
